2023-11-22 13:42:00,789 INFO o.s.b.StartupInfoLogger [main] Starting TaesmotorsApplication using Java 1.8.0_392 on PcJavi with PID 21988 (C:\Users\javi_\IdeaProjects\taesmotors\target\classes started by javi_ in C:\Users\javi_\IdeaProjects\taesmotors)
2023-11-22 13:42:00,789 INFO o.h.v.i.u.Version [background-preinit] HV000001: Hibernate Validator 6.2.5.Final
2023-11-22 13:42:00,792 INFO o.s.b.SpringApplication [main] No active profile set, falling back to 1 default profile: "default"
2023-11-22 13:42:01,192 INFO o.s.d.r.c.RepositoryConfigurationDelegate [main] Bootstrapping Spring Data JPA repositories in DEFAULT mode.
2023-11-22 13:42:01,237 INFO o.s.d.r.c.RepositoryConfigurationDelegate [main] Finished Spring Data repository scanning in 38 ms. Found 5 JPA repository interfaces.
2023-11-22 13:42:01,513 INFO o.s.b.w.e.t.TomcatWebServer [main] Tomcat initialized with port(s): 8080 (http)
2023-11-22 13:42:01,516 INFO o.a.j.l.DirectJDKLog [main] Initializing ProtocolHandler ["http-nio-8080"]
2023-11-22 13:42:01,517 INFO o.a.j.l.DirectJDKLog [main] Starting service [Tomcat]
2023-11-22 13:42:01,517 INFO o.a.j.l.DirectJDKLog [main] Starting Servlet engine: [Apache Tomcat/9.0.82]
2023-11-22 13:42:01,599 INFO o.a.j.l.DirectJDKLog [main] Initializing Spring embedded WebApplicationContext
2023-11-22 13:42:01,600 INFO o.s.b.w.s.c.ServletWebServerApplicationContext [main] Root WebApplicationContext: initialization completed in 781 ms
2023-11-22 13:42:01,679 INFO o.h.j.i.u.LogHelper [main] HHH000204: Processing PersistenceUnitInfo [name: default]
2023-11-22 13:42:01,751 INFO o.h.Version [main] HHH000412: Hibernate ORM core version 5.6.15.Final
2023-11-22 13:42:01,830 INFO o.h.a.c.r.j.JavaReflectionManager [main] HCANN000001: Hibernate Commons Annotations {5.1.2.Final}
2023-11-22 13:42:01,885 INFO c.z.h.HikariDataSource [main] HikariPool-1 - Starting...
2023-11-22 13:42:02,039 INFO c.z.h.HikariDataSource [main] HikariPool-1 - Start completed.
2023-11-22 13:42:02,051 INFO o.h.d.Dialect [main] HHH000400: Using dialect: org.hibernate.dialect.MySQL8Dialect
2023-11-22 13:42:02,448 INFO o.h.e.t.j.p.i.JtaPlatformInitiator [main] HHH000490: Using JtaPlatform implementation: [org.hibernate.engine.transaction.jta.platform.internal.NoJtaPlatform]
2023-11-22 13:42:02,455 INFO o.s.o.j.AbstractEntityManagerFactoryBean [main] Initialized JPA EntityManagerFactory for persistence unit 'default'
2023-11-22 13:42:02,660 WARN o.s.b.a.o.j.JpaBaseConfiguration$JpaWebConfiguration [main] spring.jpa.open-in-view is enabled by default. Therefore, database queries may be performed during view rendering. Explicitly configure spring.jpa.open-in-view to disable this warning
2023-11-22 13:42:02,829 INFO o.a.j.l.DirectJDKLog [main] Starting ProtocolHandler ["http-nio-8080"]
2023-11-22 13:42:02,902 INFO o.s.b.w.e.t.TomcatWebServer [main] Tomcat started on port(s): 8080 (http) with context path ''
2023-11-22 13:42:02,908 INFO o.s.b.StartupInfoLogger [main] Started TaesmotorsApplication in 2.342 seconds (JVM running for 2.887)
2023-11-22 13:48:13,562 INFO o.a.j.l.DirectJDKLog [http-nio-8080-exec-1] Initializing Spring DispatcherServlet 'dispatcherServlet'
2023-11-22 13:48:13,562 INFO o.s.w.s.FrameworkServlet [http-nio-8080-exec-1] Initializing Servlet 'dispatcherServlet'
2023-11-22 13:48:13,563 INFO o.s.w.s.FrameworkServlet [http-nio-8080-exec-1] Completed initialization in 1 ms
2023-11-22 15:17:36,161 WARN c.z.h.p.HikariPool$HouseKeeper [HikariPool-1 housekeeper] HikariPool-1 - Thread starvation or clock leap detected (housekeeper delta=1h3s521ms948µs200ns).
2023-11-22 16:16:51,946 WARN c.z.h.p.HikariPool$HouseKeeper [HikariPool-1 housekeeper] HikariPool-1 - Thread starvation or clock leap detected (housekeeper delta=1m14s910ms738µs600ns).
2023-11-22 18:14:04,038 WARN c.z.h.p.HikariPool$HouseKeeper [HikariPool-1 housekeeper] HikariPool-1 - Thread starvation or clock leap detected (housekeeper delta=1h57m12s139ms500µs400ns).
2023-11-22 18:37:32,369 INFO o.s.o.j.AbstractEntityManagerFactoryBean [SpringApplicationShutdownHook] Closing JPA EntityManagerFactory for persistence unit 'default'
2023-11-22 18:37:32,380 INFO c.z.h.HikariDataSource [SpringApplicationShutdownHook] HikariPool-1 - Shutdown initiated...
2023-11-22 18:37:32,386 INFO c.z.h.HikariDataSource [SpringApplicationShutdownHook] HikariPool-1 - Shutdown completed.
