2023-11-15 19:11:04,135 INFO o.s.b.StartupInfoLogger [main] Starting TaesmotorsApplication using Java 1.8.0_392 on PcJavi with PID 20060 (C:\Users\javi_\IdeaProjects\taesmotors\target\classes started by javi_ in C:\Users\javi_\IdeaProjects\taesmotors)
2023-11-15 19:11:04,135 INFO o.h.v.i.u.Version [background-preinit] HV000001: Hibernate Validator 6.2.5.Final
2023-11-15 19:11:04,137 INFO o.s.b.SpringApplication [main] No active profile set, falling back to 1 default profile: "default"
2023-11-15 19:11:04,509 INFO o.s.d.r.c.RepositoryConfigurationDelegate [main] Bootstrapping Spring Data JPA repositories in DEFAULT mode.
2023-11-15 19:11:04,556 INFO o.s.d.r.c.RepositoryConfigurationDelegate [main] Finished Spring Data repository scanning in 39 ms. Found 5 JPA repository interfaces.
2023-11-15 19:11:04,823 INFO o.s.b.w.e.t.TomcatWebServer [main] Tomcat initialized with port(s): 8080 (http)
2023-11-15 19:11:04,827 INFO o.a.j.l.DirectJDKLog [main] Initializing ProtocolHandler ["http-nio-8080"]
2023-11-15 19:11:04,828 INFO o.a.j.l.DirectJDKLog [main] Starting service [Tomcat]
2023-11-15 19:11:04,828 INFO o.a.j.l.DirectJDKLog [main] Starting Servlet engine: [Apache Tomcat/9.0.82]
2023-11-15 19:11:04,918 INFO o.a.j.l.DirectJDKLog [main] Initializing Spring embedded WebApplicationContext
2023-11-15 19:11:04,919 INFO o.s.b.w.s.c.ServletWebServerApplicationContext [main] Root WebApplicationContext: initialization completed in 759 ms
2023-11-15 19:11:04,991 INFO o.h.j.i.u.LogHelper [main] HHH000204: Processing PersistenceUnitInfo [name: default]
2023-11-15 19:11:05,063 INFO o.h.Version [main] HHH000412: Hibernate ORM core version 5.6.15.Final
2023-11-15 19:11:05,139 INFO o.h.a.c.r.j.JavaReflectionManager [main] HCANN000001: Hibernate Commons Annotations {5.1.2.Final}
2023-11-15 19:11:05,192 INFO c.z.h.HikariDataSource [main] HikariPool-1 - Starting...
2023-11-15 19:11:05,349 INFO c.z.h.HikariDataSource [main] HikariPool-1 - Start completed.
2023-11-15 19:11:05,361 INFO o.h.d.Dialect [main] HHH000400: Using dialect: org.hibernate.dialect.MySQL8Dialect
2023-11-15 19:11:05,741 INFO o.h.e.t.j.p.i.JtaPlatformInitiator [main] HHH000490: Using JtaPlatform implementation: [org.hibernate.engine.transaction.jta.platform.internal.NoJtaPlatform]
2023-11-15 19:11:05,747 INFO o.s.o.j.AbstractEntityManagerFactoryBean [main] Initialized JPA EntityManagerFactory for persistence unit 'default'
2023-11-15 19:11:05,953 WARN o.s.b.a.o.j.JpaBaseConfiguration$JpaWebConfiguration [main] spring.jpa.open-in-view is enabled by default. Therefore, database queries may be performed during view rendering. Explicitly configure spring.jpa.open-in-view to disable this warning
2023-11-15 19:11:06,116 INFO o.a.j.l.DirectJDKLog [main] Starting ProtocolHandler ["http-nio-8080"]
2023-11-15 19:11:06,195 INFO o.s.b.w.e.t.TomcatWebServer [main] Tomcat started on port(s): 8080 (http) with context path ''
2023-11-15 19:11:06,201 INFO o.s.b.StartupInfoLogger [main] Started TaesmotorsApplication in 2.295 seconds (JVM running for 2.845)
2023-11-15 19:11:24,961 INFO o.a.j.l.DirectJDKLog [http-nio-8080-exec-1] Initializing Spring DispatcherServlet 'dispatcherServlet'
2023-11-15 19:11:24,961 INFO o.s.w.s.FrameworkServlet [http-nio-8080-exec-1] Initializing Servlet 'dispatcherServlet'
2023-11-15 19:11:24,962 INFO o.s.w.s.FrameworkServlet [http-nio-8080-exec-1] Completed initialization in 1 ms
2023-11-15 19:22:38,203 INFO o.s.o.j.AbstractEntityManagerFactoryBean [SpringApplicationShutdownHook] Closing JPA EntityManagerFactory for persistence unit 'default'
2023-11-15 19:22:38,204 INFO c.z.h.HikariDataSource [SpringApplicationShutdownHook] HikariPool-1 - Shutdown initiated...
2023-11-15 19:22:38,209 INFO c.z.h.HikariDataSource [SpringApplicationShutdownHook] HikariPool-1 - Shutdown completed.
